  [1m[35m (33.7ms)[0m  [1m[34mSELECT sqlite_version(*)[0m
  ↳ /Users/Kahin/.rvm/gems/ruby-2.6.3/gems/rake-12.3.3/lib/rake/task.rb:273
  [1m[35m (31.2ms)[0m  [1m[35mCREATE TABLE "schema_migrations" ("version" varchar NOT NULL PRIMARY KEY)[0m
  ↳ /Users/Kahin/.rvm/gems/ruby-2.6.3/gems/rake-12.3.3/lib/rake/task.rb:273
  [1m[35m (2.0ms)[0m  [1m[35mCREATE TABLE "ar_internal_metadata" ("key" varchar NOT NULL PRIMARY KEY, "value" varchar, "created_at" datetime NOT NULL, "updated_at" datetime NOT NULL)[0m
  ↳ /Users/Kahin/.rvm/gems/ruby-2.6.3/gems/rake-12.3.3/lib/rake/task.rb:273
  [1m[35m (0.2ms)[0m  [1m[34mSELECT "schema_migrations"."version" FROM "schema_migrations" ORDER BY "schema_migrations"."version" ASC[0m
  ↳ /Users/Kahin/.rvm/gems/ruby-2.6.3/gems/rake-12.3.3/lib/rake/task.rb:273
Migrating to CreatePosts (20190814214536)
  [1m[35m (0.1ms)[0m  [1m[36mbegin transaction[0m
  ↳ /Users/Kahin/.rvm/gems/ruby-2.6.3/gems/rake-12.3.3/lib/rake/task.rb:273
  [1m[35m (0.5ms)[0m  [1m[35mCREATE TABLE "posts" ("id" integer PRIMARY KEY AUTOINCREMENT NOT NULL, "title" varchar, "body" text, "created_at" datetime NOT NULL, "updated_at" datetime NOT NULL)[0m
  ↳ db/migrate/20190814214536_create_posts.rb:3
  [1m[36mActiveRecord::SchemaMigration Create (0.2ms)[0m  [1m[32mINSERT INTO "schema_migrations" ("version") VALUES (?)[0m  [["version", "20190814214536"]]
  ↳ /Users/Kahin/.rvm/gems/ruby-2.6.3/gems/rake-12.3.3/lib/rake/task.rb:273
  [1m[35m (1.8ms)[0m  [1m[36mcommit transaction[0m
  ↳ /Users/Kahin/.rvm/gems/ruby-2.6.3/gems/rake-12.3.3/lib/rake/task.rb:273
Migrating to CreateComments (20190814214601)
  [1m[35m (0.1ms)[0m  [1m[36mbegin transaction[0m
  ↳ /Users/Kahin/.rvm/gems/ruby-2.6.3/gems/rake-12.3.3/lib/rake/task.rb:273
  [1m[35m (0.5ms)[0m  [1m[35mCREATE TABLE "comments" ("id" integer PRIMARY KEY AUTOINCREMENT NOT NULL, "post_id" integer, "body" text, "created_at" datetime NOT NULL, "updated_at" datetime NOT NULL, CONSTRAINT "fk_rails_2fd19c0db7"
FOREIGN KEY ("post_id")
  REFERENCES "posts" ("id")
)[0m
  ↳ db/migrate/20190814214601_create_comments.rb:3
  [1m[35m (0.2ms)[0m  [1m[35mCREATE  INDEX "index_comments_on_post_id" ON "comments" ("post_id")[0m
  ↳ db/migrate/20190814214601_create_comments.rb:3
  [1m[36mActiveRecord::SchemaMigration Create (0.2ms)[0m  [1m[32mINSERT INTO "schema_migrations" ("version") VALUES (?)[0m  [["version", "20190814214601"]]
  ↳ /Users/Kahin/.rvm/gems/ruby-2.6.3/gems/rake-12.3.3/lib/rake/task.rb:273
  [1m[35m (1.6ms)[0m  [1m[36mcommit transaction[0m
  ↳ /Users/Kahin/.rvm/gems/ruby-2.6.3/gems/rake-12.3.3/lib/rake/task.rb:273
  [1m[36mActiveRecord::InternalMetadata Load (0.2ms)[0m  [1m[34mSELECT  "ar_internal_metadata".* FROM "ar_internal_metadata" WHERE "ar_internal_metadata"."key" = ? LIMIT ?[0m  [["key", "environment"], ["LIMIT", 1]]
  ↳ /Users/Kahin/.rvm/gems/ruby-2.6.3/gems/rake-12.3.3/lib/rake/task.rb:273
  [1m[35m (0.1ms)[0m  [1m[36mbegin transaction[0m
  ↳ /Users/Kahin/.rvm/gems/ruby-2.6.3/gems/rake-12.3.3/lib/rake/task.rb:273
  [1m[36mActiveRecord::InternalMetadata Create (0.4ms)[0m  [1m[32mINSERT INTO "ar_internal_metadata" ("key", "value", "created_at", "updated_at") VALUES (?, ?, ?, ?)[0m  [["key", "environment"], ["value", "development"], ["created_at", "2019-08-14 21:46:09.714228"], ["updated_at", "2019-08-14 21:46:09.714228"]]
  ↳ /Users/Kahin/.rvm/gems/ruby-2.6.3/gems/rake-12.3.3/lib/rake/task.rb:273
  [1m[35m (1.6ms)[0m  [1m[36mcommit transaction[0m
  ↳ /Users/Kahin/.rvm/gems/ruby-2.6.3/gems/rake-12.3.3/lib/rake/task.rb:273
  [1m[35m (0.1ms)[0m  [1m[34mSELECT "schema_migrations"."version" FROM "schema_migrations" ORDER BY "schema_migrations"."version" ASC[0m
  ↳ /Users/Kahin/.rvm/gems/ruby-2.6.3/gems/rake-12.3.3/lib/rake/task.rb:273
Started GET "/" for ::1 at 2019-08-14 17:46:52 -0400
  [1m[35m (0.3ms)[0m  [1m[34mSELECT "schema_migrations"."version" FROM "schema_migrations" ORDER BY "schema_migrations"."version" ASC[0m
  ↳ /Users/Kahin/.rvm/gems/ruby-2.6.3/gems/web-console-3.7.0/lib/web_console/middleware.rb:135
Processing by Rails::WelcomeController#index as HTML
  Rendering /Users/Kahin/.rvm/rubies/ruby-2.6.3/lib/ruby/gems/2.6.0/gems/railties-5.2.3/lib/rails/templates/rails/welcome/index.html.erb
  Rendered /Users/Kahin/.rvm/rubies/ruby-2.6.3/lib/ruby/gems/2.6.0/gems/railties-5.2.3/lib/rails/templates/rails/welcome/index.html.erb (4.0ms)
Completed 200 OK in 18ms (Views: 9.7ms | ActiveRecord: 0.0ms)


Started GET "/post" for ::1 at 2019-08-14 17:48:39 -0400
  [1m[35m (0.2ms)[0m  [1m[34mSELECT "schema_migrations"."version" FROM "schema_migrations" ORDER BY "schema_migrations"."version" ASC[0m
  ↳ /Users/Kahin/.rvm/gems/ruby-2.6.3/gems/web-console-3.7.0/lib/web_console/middleware.rb:135
  
ActionController::RoutingError (No route matches [GET] "/post"):
  
actionpack (5.2.3) lib/action_dispatch/middleware/debug_exceptions.rb:65:in `call'
web-console (3.7.0) lib/web_console/middleware.rb:135:in `call_app'
web-console (3.7.0) lib/web_console/middleware.rb:30:in `block in call'
web-console (3.7.0) lib/web_console/middleware.rb:20:in `catch'
web-console (3.7.0) lib/web_console/middleware.rb:20:in `call'
actionpack (5.2.3) lib/action_dispatch/middleware/show_exceptions.rb:33:in `call'
railties (5.2.3) lib/rails/rack/logger.rb:38:in `call_app'
railties (5.2.3) lib/rails/rack/logger.rb:26:in `block in call'
activesupport (5.2.3) lib/active_support/tagged_logging.rb:71:in `block in tagged'
activesupport (5.2.3) lib/active_support/tagged_logging.rb:28:in `tagged'
activesupport (5.2.3) lib/active_support/tagged_logging.rb:71:in `tagged'
railties (5.2.3) lib/rails/rack/logger.rb:26:in `call'
sprockets-rails (3.2.1) lib/sprockets/rails/quiet_assets.rb:13:in `call'
actionpack (5.2.3) lib/action_dispatch/middleware/remote_ip.rb:81:in `call'
actionpack (5.2.3) lib/action_dispatch/middleware/request_id.rb:27:in `call'
rack (2.0.7) lib/rack/method_override.rb:22:in `call'
rack (2.0.7) lib/rack/runtime.rb:22:in `call'
activesupport (5.2.3) lib/active_support/cache/strategy/local_cache_middleware.rb:29:in `call'
actionpack (5.2.3) lib/action_dispatch/middleware/executor.rb:14:in `call'
actionpack (5.2.3) lib/action_dispatch/middleware/static.rb:127:in `call'
rack (2.0.7) lib/rack/sendfile.rb:111:in `call'
railties (5.2.3) lib/rails/engine.rb:524:in `call'
puma (3.12.1) lib/puma/configuration.rb:227:in `call'
puma (3.12.1) lib/puma/server.rb:660:in `handle_request'
puma (3.12.1) lib/puma/server.rb:474:in `process_client'
puma (3.12.1) lib/puma/server.rb:334:in `block in run'
puma (3.12.1) lib/puma/thread_pool.rb:135:in `block in spawn_thread'
Started GET "/posts" for ::1 at 2019-08-14 17:49:04 -0400
Processing by PostsController#index as HTML
  Rendering posts/index.html.erb within layouts/application
  [1m[36mPost Load (0.2ms)[0m  [1m[34mSELECT "posts".* FROM "posts"[0m
  ↳ app/views/posts/index.html.erb:15
  Rendered posts/index.html.erb within layouts/application (2.4ms)
Completed 200 OK in 3646ms (Views: 3637.8ms | ActiveRecord: 0.5ms)


Started GET "/posts/new" for ::1 at 2019-08-14 17:49:09 -0400
Processing by PostsController#new as HTML
  Rendering posts/new.html.erb within layouts/application
  Rendered posts/_form.html.erb (201.3ms)
  Rendered posts/new.html.erb within layouts/application (203.2ms)
Completed 200 OK in 238ms (Views: 222.6ms | ActiveRecord: 0.7ms)


Started POST "/posts" for ::1 at 2019-08-14 17:49:28 -0400
Processing by PostsController#create as HTML
  Parameters: {"utf8"=>"✓", "authenticity_token"=>"8+oCw1OzVNI8FENXFGhrPYhKBxNUhW59O/v2JhkyscM7ZrCcITOdAjVcGGS42DRdLLB8rwvQnWi34K6+vyZT9w==", "post"=>{"title"=>"Cloud based widets", "body"=>"Bla, bla, bla"}, "commit"=>"Create Post"}
  [1m[35m (0.1ms)[0m  [1m[36mbegin transaction[0m
  ↳ app/controllers/posts_controller.rb:30
  [1m[36mPost Create (0.6ms)[0m  [1m[32mINSERT INTO "posts" ("title", "body", "created_at", "updated_at") VALUES (?, ?, ?, ?)[0m  [["title", "Cloud based widets"], ["body", "Bla, bla, bla"], ["created_at", "2019-08-14 21:49:28.426505"], ["updated_at", "2019-08-14 21:49:28.426505"]]
  ↳ app/controllers/posts_controller.rb:30
  [1m[35m (10.8ms)[0m  [1m[36mcommit transaction[0m
  ↳ app/controllers/posts_controller.rb:30
Redirected to http://localhost:3000/posts/1
Completed 302 Found in 17ms (ActiveRecord: 11.5ms)


Started GET "/posts/1" for ::1 at 2019-08-14 17:49:28 -0400
Processing by PostsController#show as HTML
  Parameters: {"id"=>"1"}
  [1m[36mPost Load (0.3ms)[0m  [1m[34mSELECT  "posts".* FROM "posts" WHERE "posts"."id" = ? LIMIT ?[0m  [["id", 1], ["LIMIT", 1]]
  ↳ app/controllers/posts_controller.rb:67
  Rendering posts/show.html.erb within layouts/application
  Rendered posts/show.html.erb within layouts/application (0.8ms)
Completed 200 OK in 161ms (Views: 18.2ms | ActiveRecord: 0.3ms)


Started GET "/posts" for ::1 at 2019-08-14 17:49:30 -0400
Processing by PostsController#index as HTML
  Rendering posts/index.html.erb within layouts/application
  [1m[36mPost Load (0.2ms)[0m  [1m[34mSELECT "posts".* FROM "posts"[0m
  ↳ app/views/posts/index.html.erb:15
  Rendered posts/index.html.erb within layouts/application (1.8ms)
Completed 200 OK in 24ms (Views: 22.0ms | ActiveRecord: 0.2ms)


Started GET "/posts/1" for ::1 at 2019-08-14 17:49:39 -0400
Processing by PostsController#show as HTML
  Parameters: {"id"=>"1"}
  [1m[36mPost Load (0.2ms)[0m  [1m[34mSELECT  "posts".* FROM "posts" WHERE "posts"."id" = ? LIMIT ?[0m  [["id", 1], ["LIMIT", 1]]
  ↳ app/controllers/posts_controller.rb:67
  Rendering posts/show.html.erb within layouts/application
  Rendered posts/show.html.erb within layouts/application (0.7ms)
Completed 200 OK in 20ms (Views: 17.9ms | ActiveRecord: 0.2ms)


Started GET "/comments" for ::1 at 2019-08-14 17:49:59 -0400
Processing by CommentsController#index as HTML
  Rendering comments/index.html.erb within layouts/application
  [1m[36mComment Load (0.2ms)[0m  [1m[34mSELECT "comments".* FROM "comments"[0m
  ↳ app/views/comments/index.html.erb:15
  Rendered comments/index.html.erb within layouts/application (2.6ms)
Completed 200 OK in 106ms (Views: 21.7ms | ActiveRecord: 0.6ms)


Started GET "/comments/new" for ::1 at 2019-08-14 17:50:09 -0400
Processing by CommentsController#new as HTML
  Rendering comments/new.html.erb within layouts/application
  Rendered comments/_form.html.erb (2.3ms)
  Rendered comments/new.html.erb within layouts/application (3.9ms)
Completed 200 OK in 60ms (Views: 20.8ms | ActiveRecord: 0.6ms)


Started POST "/comments" for ::1 at 2019-08-14 17:50:21 -0400
Processing by CommentsController#create as HTML
  Parameters: {"utf8"=>"✓", "authenticity_token"=>"G/gV7Ujd5pwB0d3ykBjjfQVcRIfFQ/O1/z/G5qCHrpAmWd1xyHTAeejtnSZG4tmQ5oIb7I50SKQo65r+mkS+IQ==", "comment"=>{"post_id"=>"1", "body"=>"This is actually really cool!"}, "commit"=>"Create Comment"}
  [1m[35m (0.1ms)[0m  [1m[36mbegin transaction[0m
  ↳ app/controllers/comments_controller.rb:30
  [1m[36mPost Load (0.2ms)[0m  [1m[34mSELECT  "posts".* FROM "posts" WHERE "posts"."id" = ? LIMIT ?[0m  [["id", 1], ["LIMIT", 1]]
  ↳ app/controllers/comments_controller.rb:30
  [1m[36mComment Create (0.4ms)[0m  [1m[32mINSERT INTO "comments" ("post_id", "body", "created_at", "updated_at") VALUES (?, ?, ?, ?)[0m  [["post_id", 1], ["body", "This is actually really cool!"], ["created_at", "2019-08-14 21:50:21.764271"], ["updated_at", "2019-08-14 21:50:21.764271"]]
  ↳ app/controllers/comments_controller.rb:30
  [1m[35m (1.5ms)[0m  [1m[36mcommit transaction[0m
  ↳ app/controllers/comments_controller.rb:30
Redirected to http://localhost:3000/comments/1
Completed 302 Found in 138ms (ActiveRecord: 2.2ms)


Started GET "/comments/1" for ::1 at 2019-08-14 17:50:21 -0400
Processing by CommentsController#show as HTML
  Parameters: {"id"=>"1"}
  [1m[36mComment Load (0.2ms)[0m  [1m[34mSELECT  "comments".* FROM "comments" WHERE "comments"."id" = ? LIMIT ?[0m  [["id", 1], ["LIMIT", 1]]
  ↳ app/controllers/comments_controller.rb:67
  Rendering comments/show.html.erb within layouts/application
  [1m[36mPost Load (0.2ms)[0m  [1m[34mSELECT  "posts".* FROM "posts" WHERE "posts"."id" = ? LIMIT ?[0m  [["id", 1], ["LIMIT", 1]]
  ↳ app/views/comments/show.html.erb:5
  Rendered comments/show.html.erb within layouts/application (2.1ms)
Completed 200 OK in 50ms (Views: 21.3ms | ActiveRecord: 0.4ms)


Started GET "/comments" for ::1 at 2019-08-14 17:50:23 -0400
Processing by CommentsController#index as HTML
  Rendering comments/index.html.erb within layouts/application
  [1m[36mComment Load (0.1ms)[0m  [1m[34mSELECT "comments".* FROM "comments"[0m
  ↳ app/views/comments/index.html.erb:15
  [1m[36mPost Load (0.1ms)[0m  [1m[34mSELECT  "posts".* FROM "posts" WHERE "posts"."id" = ? LIMIT ?[0m  [["id", 1], ["LIMIT", 1]]
  ↳ app/views/comments/index.html.erb:17
  Rendered comments/index.html.erb within layouts/application (2.9ms)
Completed 200 OK in 23ms (Views: 21.9ms | ActiveRecord: 0.3ms)


